<?xml version="1.0" encoding="UTF-8"?>
<!-- Generated by org.testng.reporters.JUnitReportReporter -->
<testsuite hostname="jbi02" failures="0" tests="1" name="com.mechi.AppTest" time="0.016" errors="0" timestamp="2023-10-08T21:02:34 ART" skipped="0">
  <testcase classname="com.mechi.AppTest" name="shouldAnswerWithTrue" time="0.016"/>
  <system-out/>
</testsuite> <!-- com.mechi.AppTest -->
