<?xml version="1.0" encoding="UTF-8"?>
<!-- Generated by org.testng.reporters.JUnitReportReporter -->
<testsuite hostname="jbi02" failures="0" tests="9" name="servicios.TransferirTest" time="0.022" errors="0" timestamp="2023-10-08T21:02:34 ART" skipped="0">
  <testcase classname="servicios.TransferirTest" name="testTransferirConSaldoSuficiente" time="0.003"/>
  <system-out/>
  <testcase classname="servicios.TransferirTest" name="testTransferirCero" time="0.003"/>
  <system-out/>
  <testcase classname="servicios.TransferirTest" name="testTransferirMontoNegativo" time="0.002"/>
  <system-out/>
  <testcase classname="servicios.TransferirTest" name="testTransferirCuentaCaracterIncorrecto" time="0.002"/>
  <system-out/>
  <testcase classname="servicios.TransferirTest" name="testTransferirCaracterLetra" time="0.002"/>
  <system-out/>
  <testcase classname="servicios.TransferirTest" name="testTransferirConSaldoInsuficiente" time="0.003"/>
  <system-out/>
  <testcase classname="servicios.TransferirTest" name="testTransferirCuentaIncorrecta" time="0.002"/>
  <system-out/>
  <testcase classname="servicios.TransferirTest" name="testTransferirAPropiaCuenta" time="0.003"/>
  <system-out/>
  <testcase classname="servicios.TransferirTest" name="testTransferirCaracterVacio" time="0.002"/>
  <system-out/>
</testsuite> <!-- servicios.TransferirTest -->
