<?xml version="1.0" encoding="UTF-8"?>
<!-- Generated by org.testng.reporters.JUnitReportReporter -->
<testsuite hostname="jbi02" failures="0" tests="6" name="servicios.DepositarTest" time="0.029" errors="0" timestamp="2023-10-08T21:02:34 ART" skipped="0">
  <testcase classname="servicios.DepositarTest" name="testDepositarCaracterLetra" time="0.005"/>
  <system-out/>
  <testcase classname="servicios.DepositarTest" name="testDepositarCaracterVacio" time="0.005"/>
  <system-out/>
  <testcase classname="servicios.DepositarTest" name="testDepositarDinero" time="0.004"/>
  <system-out/>
  <testcase classname="servicios.DepositarTest" name="testDepositarValornegativo" time="0.005"/>
  <system-out/>
  <testcase classname="servicios.DepositarTest" name="testDepositarCero1" time="0.005"/>
  <system-out/>
  <testcase classname="servicios.DepositarTest" name="testDepositarCero" time="0.005"/>
  <system-out/>
</testsuite> <!-- servicios.DepositarTest -->
