<?xml version="1.0" encoding="UTF-8"?>
<!-- Generated by org.testng.reporters.JUnitReportReporter -->
<testsuite hostname="jbi02" failures="0" tests="5" name="servicios.RetirarDineroTest" time="0.007" errors="0" timestamp="2023-10-08T21:02:34 ART" skipped="0">
  <testcase classname="servicios.RetirarDineroTest" name="pruebaRetirarDineroConSaldoInsuficiente" time="0.001"/>
  <system-out/>
  <testcase classname="servicios.RetirarDineroTest" name="pruebaRetirarDineroConValorNegativo" time="0.002"/>
  <system-out/>
  <testcase classname="servicios.RetirarDineroTest" name="pruebaRetirarDineroConValorCERO" time="0.001"/>
  <system-out/>
  <testcase classname="servicios.RetirarDineroTest" name="pruebaRetirarDinero" time="0.002"/>
  <system-out/>
  <testcase classname="servicios.RetirarDineroTest" name="pruebaRetirarDineroConCaracteresNoValidos" time="0.001"/>
  <system-out/>
</testsuite> <!-- servicios.RetirarDineroTest -->
